<?xml version="1.0" encoding="UTF-8"?>
<!-- Generated by org.testng.reporters.JUnitReportReporter -->
<testsuite hostname="FFE-Ritwik-Raj" failures="0" tests="1" name="Assertion.DemoLogin" time="5.451" errors="0" timestamp="2023-12-12T10:33:50 IST" skipped="0">
  <testcase classname="Assertion.DemoLogin" name="login" time="5.451"/>
  <system-out>
    <![CDATA[User failed to Log in]]>
  </system-out>
</testsuite> <!-- Assertion.DemoLogin -->
