<?xml version="1.0" encoding="UTF-8"?>
<!-- Generated by org.testng.reporters.JUnitReportReporter -->
<testsuite hostname="FFE-Ritwik-Raj" failures="0" tests="1" name="Assertion.SoftAssert" time="8.703" errors="0" timestamp="2023-12-12T11:41:59 IST" skipped="0">
  <testcase classname="Assertion.SoftAssert" name="login" time="8.703"/>
  <system-out>
    <![CDATA[User navigated to Login Page
User Logged in Succesfully]]>
  </system-out>
</testsuite> <!-- Assertion.SoftAssert -->
