<?xml version="1.0" encoding="UTF-8"?>
<!-- Generated by org.testng.reporters.JUnitReportReporter -->
<testsuite hostname="FFE-Ritwik-Raj" failures="0" tests="1" name="TestNG.appleEX" time="5.594" errors="0" timestamp="2023-12-11T12:08:27 IST" skipped="0">
  <testcase classname="TestNG.appleEX" name="login" time="5.594"/>
  <system-out/>
</testsuite> <!-- TestNG.appleEX -->
