<?xml version="1.0" encoding="UTF-8"?>
<!-- Generated by org.testng.reporters.JUnitReportReporter -->
<testsuite hostname="FFE-Ritwik-Raj" failures="0" tests="1" name="TestNG.configurationAnnotation" time="0.013" errors="0" timestamp="2023-12-11T13:08:32 IST" skipped="0">
  <testcase classname="TestNG.configurationAnnotation" name="demoTest" time="0.013"/>
  <system-out>
    <![CDATA[Demo test executed..]]>
  </system-out>
</testsuite> <!-- TestNG.configurationAnnotation -->
