<?xml version="1.0" encoding="UTF-8"?>
<!-- Generated by org.testng.reporters.JUnitReportReporter -->
<testsuite hostname="FFE-Ritwik-Raj" failures="0" tests="4" name="TestNG.AnnotationAttributes" time="11.341" errors="0" timestamp="2023-12-11T10:41:01 IST" skipped="1">
  <testcase classname="TestNG.AnnotationAttributes" name="login" time="3.954"/>
  <system-out>
    <![CDATA[User logged in succesfully....]]>
  </system-out>
  <testcase classname="TestNG.AnnotationAttributes" name="login" time="3.923"/>
  <system-out>
    <![CDATA[User logged in succesfully....]]>
  </system-out>
  <testcase classname="TestNG.AnnotationAttributes" name="login" time="3.464"/>
  <system-out>
    <![CDATA[User logged in succesfully....]]>
  </system-out>
  <testcase classname="TestNG.AnnotationAttributes" name="register">
    <skipped/>
  </testcase> <!-- register -->
  <system-out/>
</testsuite> <!-- TestNG.AnnotationAttributes -->
