<?xml version="1.0" encoding="UTF-8"?>
<!-- Generated by org.testng.reporters.JUnitReportReporter -->
<testsuite hostname="FFE-Ritwik-Raj" failures="0" tests="1" name="TestNG.TC_DWS_001" time="3.532" errors="0" timestamp="2023-12-12T01:14:12 IST" skipped="0">
  <testcase classname="TestNG.TC_DWS_001" name="addProductyToCart" time="3.532"/>
  <system-out>
    <![CDATA[Product added succesfully....]]>
  </system-out>
</testsuite> <!-- TestNG.TC_DWS_001 -->
