<?xml version="1.0" encoding="UTF-8"?>
<!-- Generated by org.testng.reporters.JUnitReportReporter -->
<testsuite hostname="FFE-Ritwik-Raj" failures="0" tests="2" name="TestNG.Demo" time="0.008" errors="0" timestamp="2023-12-11T10:13:56 IST" skipped="0">
  <testcase classname="TestNG.Demo" name="remove" time="0.001"/>
  <system-out>
    <![CDATA[Remove class executed....]]>
  </system-out>
  <testcase classname="TestNG.Demo" name="add" time="0.007"/>
  <system-out>
    <![CDATA[Add class executed....]]>
  </system-out>
</testsuite> <!-- TestNG.Demo -->
