<?xml version="1.0" encoding="UTF-8"?>
<!-- Generated by org.testng.reporters.JUnitReportReporter -->
<testsuite hostname="FFE-Ritwik-Raj" failures="0" tests="1" name="TestNG.crossBrowserTesting" time="12.233" errors="0" timestamp="2023-12-12T12:42:04 IST" skipped="0">
  <testcase classname="TestNG.crossBrowserTesting" name="demo" time="12.233"/>
  <system-out/>
</testsuite> <!-- TestNG.crossBrowserTesting -->
