<?xml version="1.0" encoding="UTF-8"?>
<!-- Generated by org.testng.reporters.JUnitReportReporter -->
<testsuite hostname="FFE-Ritwik-Raj" failures="0" tests="2" name="DataProvider.LoginTest" time="11.154" errors="0" timestamp="2023-12-12T10:00:42 IST" skipped="0">
  <testcase classname="DataProvider.LoginTest" name="login" time="6.828"/>
  <system-out/>
  <testcase classname="DataProvider.LoginTest" name="login" time="4.326"/>
  <system-out/>
</testsuite> <!-- DataProvider.LoginTest -->
